Mon Sep 23 2024 20:34:4 } [PH] error: 
Invalid `prisma.appointment.findMany()` invocation:


Can't reach database server at `localhost`:`5432`

Please make sure your database server is running at `localhost`:`5432`.
Mon Sep 23 2024 20:35:4 } [PH] error: 
Invalid `prisma.appointment.findMany()` invocation:


Can't reach database server at `localhost`:`5432`

Please make sure your database server is running at `localhost`:`5432`.
Mon Sep 23 2024 20:36:4 } [PH] error: 
Invalid `prisma.appointment.findMany()` invocation:


Can't reach database server at `localhost`:`5432`

Please make sure your database server is running at `localhost`:`5432`.
Mon Sep 23 2024 20:37:4 } [PH] error: 
Invalid `prisma.appointment.findMany()` invocation:


Can't reach database server at `localhost`:`5432`

Please make sure your database server is running at `localhost`:`5432`.
Mon Sep 23 2024 20:38:4 } [PH] error: 
Invalid `prisma.appointment.findMany()` invocation:


Can't reach database server at `localhost`:`5432`

Please make sure your database server is running at `localhost`:`5432`.
Mon Sep 23 2024 20:39:4 } [PH] error: 
Invalid `prisma.appointment.findMany()` invocation:


Can't reach database server at `localhost`:`5432`

Please make sure your database server is running at `localhost`:`5432`.
Mon Sep 23 2024 20:40:4 } [PH] error: 
Invalid `prisma.appointment.findMany()` invocation:


Can't reach database server at `localhost`:`5432`

Please make sure your database server is running at `localhost`:`5432`.
Mon Sep 23 2024 20:41:4 } [PH] error: 
Invalid `prisma.appointment.findMany()` invocation:


Can't reach database server at `localhost`:`5432`

Please make sure your database server is running at `localhost`:`5432`.
Mon Sep 23 2024 20:42:4 } [PH] error: 
Invalid `prisma.appointment.findMany()` invocation:


Can't reach database server at `localhost`:`5432`

Please make sure your database server is running at `localhost`:`5432`.
Mon Sep 23 2024 20:43:4 } [PH] error: 
Invalid `prisma.appointment.findMany()` invocation:


Can't reach database server at `localhost`:`5432`

Please make sure your database server is running at `localhost`:`5432`.
Mon Sep 23 2024 20:44:4 } [PH] error: 
Invalid `prisma.appointment.findMany()` invocation:


Can't reach database server at `localhost`:`5432`

Please make sure your database server is running at `localhost`:`5432`.
Mon Sep 23 2024 20:45:4 } [PH] error: 
Invalid `prisma.appointment.findMany()` invocation:


Can't reach database server at `localhost`:`5432`

Please make sure your database server is running at `localhost`:`5432`.
Mon Sep 23 2024 20:46:4 } [PH] error: 
Invalid `prisma.appointment.findMany()` invocation:


Can't reach database server at `localhost`:`5432`

Please make sure your database server is running at `localhost`:`5432`.
Mon Sep 23 2024 20:47:4 } [PH] error: 
Invalid `prisma.appointment.findMany()` invocation:


Can't reach database server at `localhost`:`5432`

Please make sure your database server is running at `localhost`:`5432`.
Mon Sep 23 2024 20:48:4 } [PH] error: 
Invalid `prisma.appointment.findMany()` invocation:


Can't reach database server at `localhost`:`5432`

Please make sure your database server is running at `localhost`:`5432`.
Mon Sep 23 2024 20:49:4 } [PH] error: 
Invalid `prisma.appointment.findMany()` invocation:


Can't reach database server at `localhost`:`5432`

Please make sure your database server is running at `localhost`:`5432`.
Mon Sep 23 2024 20:50:4 } [PH] error: 
Invalid `prisma.appointment.findMany()` invocation:


Can't reach database server at `localhost`:`5432`

Please make sure your database server is running at `localhost`:`5432`.
Mon Sep 23 2024 20:51:4 } [PH] error: 
Invalid `prisma.appointment.findMany()` invocation:


Can't reach database server at `localhost`:`5432`

Please make sure your database server is running at `localhost`:`5432`.
Mon Sep 23 2024 20:52:5 } [PH] error: 
Invalid `prisma.appointment.findMany()` invocation:


Can't reach database server at `localhost`:`5432`

Please make sure your database server is running at `localhost`:`5432`.
Mon Sep 23 2024 20:53:4 } [PH] error: 
Invalid `prisma.appointment.findMany()` invocation:


Can't reach database server at `localhost`:`5432`

Please make sure your database server is running at `localhost`:`5432`.
Mon Sep 23 2024 20:54:2 } [PH] error: 
Invalid `prisma.appointment.findMany()` invocation:


Authentication failed against database server at `localhost`, the provided database credentials for `postgres` are not valid.

Please make sure to provide valid database credentials for the database server at `localhost`.
Mon Sep 23 2024 20:55:0 } [PH] error: 
Invalid `prisma.appointment.findMany()` invocation:


Authentication failed against database server at `localhost`, the provided database credentials for `postgres` are not valid.

Please make sure to provide valid database credentials for the database server at `localhost`.
Mon Sep 23 2024 20:56:0 } [PH] error: 
Invalid `prisma.appointment.findMany()` invocation:


Authentication failed against database server at `localhost`, the provided database credentials for `postgres` are not valid.

Please make sure to provide valid database credentials for the database server at `localhost`.
Mon Sep 23 2024 20:57:0 } [PH] error: 
Invalid `prisma.appointment.findMany()` invocation:


Authentication failed against database server at `localhost`, the provided database credentials for `postgres` are not valid.

Please make sure to provide valid database credentials for the database server at `localhost`.
Mon Sep 23 2024 20:58:0 } [PH] error: 
Invalid `prisma.appointment.findMany()` invocation:


Authentication failed against database server at `localhost`, the provided database credentials for `postgres` are not valid.

Please make sure to provide valid database credentials for the database server at `localhost`.
Mon Sep 23 2024 20:59:0 } [PH] error: 
Invalid `prisma.appointment.findMany()` invocation:


Authentication failed against database server at `localhost`, the provided database credentials for `postgres` are not valid.

Please make sure to provide valid database credentials for the database server at `localhost`.
